2021/11/28 21:11:39 ZEBRA: Not Notifying Owner: 2 about prefix 10.10.14.0/24(254) 2 vrf: 0
2021/11/28 21:11:39 ZEBRA: Not Notifying Owner: 2 about prefix 10.10.45.0/24(254) 2 vrf: 0
2021/11/28 21:11:39 ZEBRA: Not Notifying Owner: 2 about prefix 10.10.14.0/24(254) 2 vrf: 0
2021/11/28 21:11:39 ZEBRA: Not Notifying Owner: 2 about prefix fe80::/64(254) 2 vrf: 0
2021/11/28 21:11:39 ZEBRA: Not Notifying Owner: 2 about prefix 10.10.14.0/24(254) 2 vrf: 0
2021/11/28 21:11:39 ZEBRA: Not Notifying Owner: 2 about prefix 10.10.45.0/24(254) 2 vrf: 0
2021/11/28 21:11:40 ZEBRA: zebra message[ZEBRA_HELLO:0:14] comes from socket [13]
2021/11/28 21:11:40 ZEBRA: zebra message[ZEBRA_INTERFACE_ADD:0:10] comes from socket [13]
2021/11/28 21:11:40 ZEBRA: zebra message[ZEBRA_BFD_CLIENT_REGISTER:0:14] comes from socket [13]
2021/11/28 21:11:40 ZEBRA: zebra message[ZEBRA_ROUTER_ID_ADD:0:10] comes from socket [13]
2021/11/28 21:11:40 ZEBRA: zebra message[ZEBRA_INTERFACE_ADD:0:10] comes from socket [13]
2021/11/28 21:11:40 ZEBRA: Read 5 packets from client: system
2021/11/28 21:11:40 ZEBRA: Rx'd ZAPI message
2021/11/28 21:11:40 ZEBRA:  Length: 14
2021/11/28 21:11:40 ZEBRA: Command: ZEBRA_HELLO
2021/11/28 21:11:40 ZEBRA:     VRF: 0
2021/11/28 21:11:40 ZEBRA: 
0x00007fd078000cc0: 00 0e fe 06             ....    

2021/11/28 21:11:40 ZEBRA: client 13 says hello and bids fair to announce only ospf routes vrf=0
2021/11/28 21:11:40 ZEBRA: Rx'd ZAPI message
2021/11/28 21:11:40 ZEBRA:  Length: 10
2021/11/28 21:11:40 ZEBRA: Command: ZEBRA_INTERFACE_ADD
2021/11/28 21:11:40 ZEBRA:     VRF: 0
2021/11/28 21:11:40 ZEBRA: 

2021/11/28 21:11:40 ZEBRA: Rx'd ZAPI message
2021/11/28 21:11:40 ZEBRA:  Length: 14
2021/11/28 21:11:40 ZEBRA: Command: ZEBRA_BFD_CLIENT_REGISTER
2021/11/28 21:11:40 ZEBRA:     VRF: 0
2021/11/28 21:11:40 ZEBRA: 
0x00007fd078000d40: 00 0e fe 06             ....    

2021/11/28 21:11:40 ZEBRA: Rx'd ZAPI message
2021/11/28 21:11:40 ZEBRA:  Length: 10
2021/11/28 21:11:40 ZEBRA: Command: ZEBRA_ROUTER_ID_ADD
2021/11/28 21:11:40 ZEBRA:     VRF: 0
2021/11/28 21:11:40 ZEBRA: 

2021/11/28 21:11:40 ZEBRA: Rx'd ZAPI message
2021/11/28 21:11:40 ZEBRA:  Length: 10
2021/11/28 21:11:40 ZEBRA: Command: ZEBRA_INTERFACE_ADD
2021/11/28 21:11:40 ZEBRA:     VRF: 0
2021/11/28 21:11:40 ZEBRA: 

2021/11/28 21:11:40 ZEBRA: zebra message[ZEBRA_ROUTE_ADD:0:40] comes from socket [13]
2021/11/28 21:11:40 ZEBRA: zebra message[ZEBRA_ROUTE_ADD:0:40] comes from socket [13]
2021/11/28 21:11:40 ZEBRA: Read 2 packets from client: ospf
2021/11/28 21:11:40 ZEBRA: Rx'd ZAPI message
2021/11/28 21:11:40 ZEBRA:  Length: 40
2021/11/28 21:11:40 ZEBRA: Command: ZEBRA_ROUTE_ADD
2021/11/28 21:11:40 ZEBRA:     VRF: 0
2021/11/28 21:11:40 ZEBRA: 
0x00007fd078000f10: 00 28 fe 06 00 00 00 00 .(......
0x00007fd078000f18: 00 07 06 00 00 00 00 00 ........
0x00007fd078000f20: 00 05 01 02 18 0a 0a 0e ........
0x00007fd078000f28: 00 01 00 00 00 00       ......  

2021/11/28 21:11:40 ZEBRA: zread_route_add: p=10.10.14.0/24, ZAPI_MESSAGE_LABEL: unset, flags=0x0
2021/11/28 21:11:40 ZEBRA: nh type 1
2021/11/28 21:11:40 ZEBRA: Rx'd ZAPI message
2021/11/28 21:11:40 ZEBRA:  Length: 40
2021/11/28 21:11:40 ZEBRA: Command: ZEBRA_ROUTE_ADD
2021/11/28 21:11:40 ZEBRA:     VRF: 0
2021/11/28 21:11:40 ZEBRA: 
0x00007fd078000c70: 00 28 fe 06 00 00 00 00 .(......
0x00007fd078000c78: 00 07 06 00 00 00 00 00 ........
0x00007fd078000c80: 00 05 01 02 18 0a 0a 2d .......-
0x00007fd078000c88: 00 01 00 00 00 00       ......  

2021/11/28 21:11:40 ZEBRA: zread_route_add: p=10.10.45.0/24, ZAPI_MESSAGE_LABEL: unset, flags=0x0
2021/11/28 21:11:40 ZEBRA: nh type 1
2021/11/28 21:11:40 ZEBRA: Not Notifying Owner: 2 about prefix 10.10.14.0/24(254) 2 vrf: 0
2021/11/28 21:11:40 ZEBRA: Not Notifying Owner: 2 about prefix 10.10.45.0/24(254) 2 vrf: 0
2021/11/28 21:11:40 ZEBRA: zebra message[ZEBRA_HELLO:0:14] comes from socket [27]
2021/11/28 21:11:40 ZEBRA: zebra message[ZEBRA_INTERFACE_ADD:0:10] comes from socket [27]
2021/11/28 21:11:40 ZEBRA: zebra message[ZEBRA_BFD_CLIENT_REGISTER:0:14] comes from socket [27]
2021/11/28 21:11:40 ZEBRA: zebra message[ZEBRA_ROUTER_ID_ADD:0:10] comes from socket [27]
2021/11/28 21:11:40 ZEBRA: zebra message[ZEBRA_INTERFACE_ADD:0:10] comes from socket [27]
2021/11/28 21:11:40 ZEBRA: Read 5 packets from client: system
2021/11/28 21:11:40 ZEBRA: Rx'd ZAPI message
2021/11/28 21:11:40 ZEBRA:  Length: 14
2021/11/28 21:11:40 ZEBRA: Command: ZEBRA_HELLO
2021/11/28 21:11:40 ZEBRA:     VRF: 0
2021/11/28 21:11:40 ZEBRA: 
0x00007fd07c000cc0: 00 0e fe 06             ....    

2021/11/28 21:11:40 ZEBRA: client 27 says hello and bids fair to announce only ospf6 routes vrf=0
2021/11/28 21:11:40 ZEBRA: Rx'd ZAPI message
2021/11/28 21:11:40 ZEBRA:  Length: 10
2021/11/28 21:11:40 ZEBRA: Command: ZEBRA_INTERFACE_ADD
2021/11/28 21:11:40 ZEBRA:     VRF: 0
2021/11/28 21:11:40 ZEBRA: 

2021/11/28 21:11:40 ZEBRA: Rx'd ZAPI message
2021/11/28 21:11:40 ZEBRA:  Length: 14
2021/11/28 21:11:40 ZEBRA: Command: ZEBRA_BFD_CLIENT_REGISTER
2021/11/28 21:11:40 ZEBRA:     VRF: 0
2021/11/28 21:11:40 ZEBRA: 
0x00007fd07c000d40: 00 0e fe 06             ....    

2021/11/28 21:11:40 ZEBRA: Rx'd ZAPI message
2021/11/28 21:11:40 ZEBRA:  Length: 10
2021/11/28 21:11:40 ZEBRA: Command: ZEBRA_ROUTER_ID_ADD
2021/11/28 21:11:40 ZEBRA:     VRF: 0
2021/11/28 21:11:40 ZEBRA: 

2021/11/28 21:11:40 ZEBRA: Rx'd ZAPI message
2021/11/28 21:11:40 ZEBRA:  Length: 10
2021/11/28 21:11:40 ZEBRA: Command: ZEBRA_INTERFACE_ADD
2021/11/28 21:11:40 ZEBRA:     VRF: 0
2021/11/28 21:11:40 ZEBRA: 

2021/11/28 21:11:40 ZEBRA: Not Notifying Owner: 2 about prefix fe80::/64(254) 2 vrf: 0
2021/11/28 21:11:40 ZEBRA: Not Notifying Owner: 2 about prefix 10.10.14.0/24(254) 2 vrf: 0
2021/11/28 21:11:40 ZEBRA: Not Notifying Owner: 2 about prefix 10.10.45.0/24(254) 2 vrf: 0
2021/11/28 21:11:41 ZEBRA: Not Notifying Owner: 2 about prefix 2001:1:0:45::/64(254) 2 vrf: 0
2021/11/28 21:11:41 ZEBRA: Not Notifying Owner: 2 about prefix 10.10.14.0/24(254) 2 vrf: 0
2021/11/28 21:11:41 ZEBRA: Not Notifying Owner: 2 about prefix 10.10.45.0/24(254) 2 vrf: 0
2021/11/28 21:11:41 ZEBRA: Not Notifying Owner: 2 about prefix fe80::/64(254) 2 vrf: 0
2021/11/28 21:11:41 ZEBRA: Not Notifying Owner: 2 about prefix 2001:1:0:14::/64(254) 2 vrf: 0
2021/11/28 21:11:41 ZEBRA: Not Notifying Owner: 2 about prefix 10.10.14.0/24(254) 2 vrf: 0
2021/11/28 21:11:41 ZEBRA: Not Notifying Owner: 2 about prefix 10.10.45.0/24(254) 2 vrf: 0
2021/11/28 21:11:41 ZEBRA: Not Notifying Owner: 2 about prefix 2001:1:0:45::/64(254) 2 vrf: 0
2021/11/28 21:11:41 ZEBRA: Not Notifying Owner: 2 about prefix fe80::/64(254) 2 vrf: 0
2021/11/28 21:12:25 ZEBRA: zebra message[ZEBRA_ROUTE_ADD:0:44] comes from socket [13]
2021/11/28 21:12:25 ZEBRA: zebra message[ZEBRA_ROUTE_ADD:0:44] comes from socket [13]
2021/11/28 21:12:25 ZEBRA: Read 2 packets from client: ospf
2021/11/28 21:12:25 ZEBRA: Rx'd ZAPI message
2021/11/28 21:12:25 ZEBRA:  Length: 44
2021/11/28 21:12:25 ZEBRA: Command: ZEBRA_ROUTE_ADD
2021/11/28 21:12:25 ZEBRA:     VRF: 0
2021/11/28 21:12:25 ZEBRA: 
0x00007fd078000f60: 00 2c fe 06 00 00 00 00 .,......
0x00007fd078000f68: 00 07 06 00 00 00 00 00 ........
0x00007fd078000f70: 00 05 01 02 18 0a 0a 19 ........
0x00007fd078000f78: 00 01 00 00 00 00 03 00 ........
0x00007fd078000f80: 0a 0a                   ..      

2021/11/28 21:12:25 ZEBRA: zread_route_add: p=10.10.25.0/24, ZAPI_MESSAGE_LABEL: unset, flags=0x0
2021/11/28 21:12:25 ZEBRA: nh type 3
2021/11/28 21:12:25 ZEBRA: zread_route_add: nh=10.10.45.5, vrf_id=0 (re->vrf_id=0), ifindex=3
2021/11/28 21:12:25 ZEBRA: Rx'd ZAPI message
2021/11/28 21:12:25 ZEBRA:  Length: 44
2021/11/28 21:12:25 ZEBRA: Command: ZEBRA_ROUTE_ADD
2021/11/28 21:12:25 ZEBRA:     VRF: 0
2021/11/28 21:12:25 ZEBRA: 
0x00007fd078000fc0: 00 2c fe 06 00 00 00 00 .,......
0x00007fd078000fc8: 00 07 06 00 00 00 00 00 ........
0x00007fd078000fd0: 00 05 01 02 18 0a 0a 23 .......#
0x00007fd078000fd8: 00 01 00 00 00 00 03 00 ........
0x00007fd078000fe0: 0a 0a                   ..      

2021/11/28 21:12:25 ZEBRA: zread_route_add: p=10.10.35.0/24, ZAPI_MESSAGE_LABEL: unset, flags=0x0
2021/11/28 21:12:25 ZEBRA: nh type 3
2021/11/28 21:12:25 ZEBRA: zread_route_add: nh=10.10.45.5, vrf_id=0 (re->vrf_id=0), ifindex=3
2021/11/28 21:12:25 ZEBRA: Not Notifying Owner: 6 about prefix 10.10.25.0/24(254) 2 vrf: 0
2021/11/28 21:12:25 ZEBRA: Not Notifying Owner: 6 about prefix 10.10.35.0/24(254) 2 vrf: 0
2021/11/28 21:12:29 ZEBRA: zebra message[ZEBRA_ROUTE_ADD:0:44] comes from socket [13]
2021/11/28 21:12:29 ZEBRA: zebra message[ZEBRA_ROUTE_ADD:0:44] comes from socket [13]
2021/11/28 21:12:29 ZEBRA: zebra message[ZEBRA_ROUTE_ADD:0:44] comes from socket [13]
2021/11/28 21:12:29 ZEBRA: zebra message[ZEBRA_ROUTE_ADD:0:44] comes from socket [13]
2021/11/28 21:12:29 ZEBRA: Read 4 packets from client: ospf
2021/11/28 21:12:29 ZEBRA: Rx'd ZAPI message
2021/11/28 21:12:29 ZEBRA:  Length: 44
2021/11/28 21:12:29 ZEBRA: Command: ZEBRA_ROUTE_ADD
2021/11/28 21:12:29 ZEBRA:     VRF: 0
2021/11/28 21:12:29 ZEBRA: 
0x00007fd078000fc0: 00 2c fe 06 00 00 00 00 .,......
0x00007fd078000fc8: 00 07 06 00 00 00 00 00 ........
0x00007fd078000fd0: 00 05 01 02 18 0a 0a 0b ........
0x00007fd078000fd8: 00 01 00 00 00 00 03 00 ........
0x00007fd078000fe0: 0a 0a                   ..      

2021/11/28 21:12:29 ZEBRA: zread_route_add: p=10.10.11.0/24, ZAPI_MESSAGE_LABEL: unset, flags=0x0
2021/11/28 21:12:29 ZEBRA: nh type 3
2021/11/28 21:12:29 ZEBRA: zread_route_add: nh=10.10.14.1, vrf_id=0 (re->vrf_id=0), ifindex=2
2021/11/28 21:12:29 ZEBRA: Rx'd ZAPI message
2021/11/28 21:12:29 ZEBRA:  Length: 44
2021/11/28 21:12:29 ZEBRA: Command: ZEBRA_ROUTE_ADD
2021/11/28 21:12:29 ZEBRA:     VRF: 0
2021/11/28 21:12:29 ZEBRA: 
0x00007fd078000f60: 00 2c fe 06 00 00 00 00 .,......
0x00007fd078000f68: 00 07 06 00 00 00 00 00 ........
0x00007fd078000f70: 00 05 01 02 18 0a 0a 0c ........
0x00007fd078000f78: 00 01 00 00 00 00 03 00 ........
0x00007fd078000f80: 0a 0a                   ..      

2021/11/28 21:12:29 ZEBRA: zread_route_add: p=10.10.12.0/24, ZAPI_MESSAGE_LABEL: unset, flags=0x0
2021/11/28 21:12:29 ZEBRA: nh type 3
2021/11/28 21:12:29 ZEBRA: zread_route_add: nh=10.10.14.1, vrf_id=0 (re->vrf_id=0), ifindex=2
2021/11/28 21:12:29 ZEBRA: Rx'd ZAPI message
2021/11/28 21:12:29 ZEBRA:  Length: 44
2021/11/28 21:12:29 ZEBRA: Command: ZEBRA_ROUTE_ADD
2021/11/28 21:12:29 ZEBRA:     VRF: 0
2021/11/28 21:12:29 ZEBRA: 
0x00007fd078001070: 00 2c fe 06 00 00 00 00 .,......
0x00007fd078001078: 00 07 06 00 00 00 00 00 ........
0x00007fd078001080: 00 05 01 02 18 0a 0a 16 ........
0x00007fd078001088: 00 01 00 00 00 00 03 00 ........
0x00007fd078001090: 0a 0a                   ..      

2021/11/28 21:12:29 ZEBRA: zread_route_add: p=10.10.22.0/24, ZAPI_MESSAGE_LABEL: unset, flags=0x0
2021/11/28 21:12:29 ZEBRA: nh type 3
2021/11/28 21:12:29 ZEBRA: zread_route_add: nh=10.10.14.1, vrf_id=0 (re->vrf_id=0), ifindex=2
2021/11/28 21:12:29 ZEBRA: Rx'd ZAPI message
2021/11/28 21:12:29 ZEBRA:  Length: 44
2021/11/28 21:12:29 ZEBRA: Command: ZEBRA_ROUTE_ADD
2021/11/28 21:12:29 ZEBRA:     VRF: 0
2021/11/28 21:12:29 ZEBRA: 
0x00007fd0780010d0: 00 2c fe 06 00 00 00 00 .,......
0x00007fd0780010d8: 00 07 06 00 00 00 00 00 ........
0x00007fd0780010e0: 00 05 01 02 18 0a 0a 17 ........
0x00007fd0780010e8: 00 01 00 00 00 00 03 00 ........
0x00007fd0780010f0: 0a 0a                   ..      

2021/11/28 21:12:29 ZEBRA: zread_route_add: p=10.10.23.0/24, ZAPI_MESSAGE_LABEL: unset, flags=0x0
2021/11/28 21:12:29 ZEBRA: nh type 3
2021/11/28 21:12:29 ZEBRA: zread_route_add: nh=10.10.14.1, vrf_id=0 (re->vrf_id=0), ifindex=2
2021/11/28 21:12:29 ZEBRA: Not Notifying Owner: 6 about prefix 10.10.11.0/24(254) 2 vrf: 0
2021/11/28 21:12:29 ZEBRA: Not Notifying Owner: 6 about prefix 10.10.12.0/24(254) 2 vrf: 0
2021/11/28 21:12:29 ZEBRA: Not Notifying Owner: 6 about prefix 10.10.22.0/24(254) 2 vrf: 0
2021/11/28 21:12:29 ZEBRA: Not Notifying Owner: 6 about prefix 10.10.23.0/24(254) 2 vrf: 0
2021/11/28 21:12:30 ZEBRA: zebra message[ZEBRA_ROUTE_ADD:0:58] comes from socket [13]
2021/11/28 21:12:30 ZEBRA: Read 1 packets from client: ospf
2021/11/28 21:12:30 ZEBRA: Rx'd ZAPI message
2021/11/28 21:12:30 ZEBRA:  Length: 58
2021/11/28 21:12:30 ZEBRA: Command: ZEBRA_ROUTE_ADD
2021/11/28 21:12:30 ZEBRA:     VRF: 0
2021/11/28 21:12:30 ZEBRA: 
0x00007fd078001130: 00 3a fe 06 00 00 00 00 .:......
0x00007fd078001138: 00 07 06 00 00 00 00 00 ........
0x00007fd078001140: 00 05 01 02 18 0a 0a 17 ........
0x00007fd078001148: 00 02 00 00 00 00 03 00 ........
0x00007fd078001150: 0a 0a 0e 01 00 00 00 02 ........
0x00007fd078001158: 00 00 00 00 03 00 0a 0a ........

2021/11/28 21:12:30 ZEBRA: zread_route_add: p=10.10.23.0/24, ZAPI_MESSAGE_LABEL: unset, flags=0x0
2021/11/28 21:12:30 ZEBRA: nh type 3
2021/11/28 21:12:30 ZEBRA: zread_route_add: nh=10.10.14.1, vrf_id=0 (re->vrf_id=0), ifindex=2
2021/11/28 21:12:30 ZEBRA: nh type 3
2021/11/28 21:12:30 ZEBRA: zread_route_add: nh=10.10.45.5, vrf_id=0 (re->vrf_id=0), ifindex=3
2021/11/28 21:12:30 ZEBRA: Not Notifying Owner: 6 about prefix 10.10.23.0/24(254) 2 vrf: 0
2021/11/28 21:18:51 ZEBRA: zebra message[ZEBRA_ROUTE_DELETE:0:24] comes from socket [13]
2021/11/28 21:18:51 ZEBRA: zebra message[ZEBRA_ROUTE_ADD:0:44] comes from socket [13]
2021/11/28 21:18:51 ZEBRA: zebra message[ZEBRA_ROUTE_ADD:0:44] comes from socket [13]
2021/11/28 21:18:51 ZEBRA: Read 3 packets from client: ospf
2021/11/28 21:18:51 ZEBRA: Rx'd ZAPI message
2021/11/28 21:18:51 ZEBRA:  Length: 24
2021/11/28 21:18:51 ZEBRA: Command: ZEBRA_ROUTE_DELETE
2021/11/28 21:18:51 ZEBRA:     VRF: 0
2021/11/28 21:18:51 ZEBRA: 
0x00007fd0780011a0: 00 18 fe 06 00 00 00 00 ........
0x00007fd0780011a8: 00 08 06 00 00 00       ......  

2021/11/28 21:18:51 ZEBRA: Rx'd ZAPI message
2021/11/28 21:18:51 ZEBRA:  Length: 44
2021/11/28 21:18:51 ZEBRA: Command: ZEBRA_ROUTE_ADD
2021/11/28 21:18:51 ZEBRA:     VRF: 0
2021/11/28 21:18:51 ZEBRA: 
0x00007fd0780010d0: 00 2c fe 06 00 00 00 00 .,......
0x00007fd0780010d8: 00 07 06 00 00 00 00 00 ........
0x00007fd0780010e0: 00 05 01 02 18 0a 0a 16 ........
0x00007fd0780010e8: 00 01 00 00 00 00 03 00 ........
0x00007fd0780010f0: 0a 0a                   ..      

2021/11/28 21:18:51 ZEBRA: zread_route_add: p=10.10.22.0/24, ZAPI_MESSAGE_LABEL: unset, flags=0x0
2021/11/28 21:18:51 ZEBRA: nh type 3
2021/11/28 21:18:51 ZEBRA: zread_route_add: nh=10.10.45.5, vrf_id=0 (re->vrf_id=0), ifindex=3
2021/11/28 21:18:51 ZEBRA: Rx'd ZAPI message
2021/11/28 21:18:51 ZEBRA:  Length: 44
2021/11/28 21:18:51 ZEBRA: Command: ZEBRA_ROUTE_ADD
2021/11/28 21:18:51 ZEBRA:     VRF: 0
2021/11/28 21:18:51 ZEBRA: 
0x00007fd078000fc0: 00 2c fe 06 00 00 00 00 .,......
0x00007fd078000fc8: 00 07 06 00 00 00 00 00 ........
0x00007fd078000fd0: 00 05 01 02 18 0a 0a 17 ........
0x00007fd078000fd8: 00 01 00 00 00 00 03 00 ........
0x00007fd078000fe0: 0a 0a                   ..      

2021/11/28 21:18:51 ZEBRA: zread_route_add: p=10.10.23.0/24, ZAPI_MESSAGE_LABEL: unset, flags=0x0
2021/11/28 21:18:51 ZEBRA: nh type 3
2021/11/28 21:18:51 ZEBRA: zread_route_add: nh=10.10.45.5, vrf_id=0 (re->vrf_id=0), ifindex=3
2021/11/28 21:18:51 ZEBRA: Not Notifying Owner: 6 about prefix 10.10.12.0/24(254) 3 vrf: 0
2021/11/28 21:18:51 ZEBRA: Not Notifying Owner: 6 about prefix 10.10.22.0/24(254) 2 vrf: 0
2021/11/28 21:18:51 ZEBRA: Not Notifying Owner: 6 about prefix 10.10.23.0/24(254) 2 vrf: 0
2021/11/28 21:19:29 ZEBRA: zebra message[ZEBRA_ROUTE_ADD:0:44] comes from socket [13]
2021/11/28 21:19:29 ZEBRA: Read 1 packets from client: ospf
2021/11/28 21:19:29 ZEBRA: Rx'd ZAPI message
2021/11/28 21:19:29 ZEBRA:  Length: 44
2021/11/28 21:19:29 ZEBRA: Command: ZEBRA_ROUTE_ADD
2021/11/28 21:19:29 ZEBRA:     VRF: 0
2021/11/28 21:19:29 ZEBRA: 
0x00007fd078000f60: 00 2c fe 06 00 00 00 00 .,......
0x00007fd078000f68: 00 07 06 00 00 00 00 00 ........
0x00007fd078000f70: 00 05 01 02 18 0a 0a 0c ........
0x00007fd078000f78: 00 01 00 00 00 00 03 00 ........
0x00007fd078000f80: 0a 0a                   ..      

2021/11/28 21:19:29 ZEBRA: zread_route_add: p=10.10.12.0/24, ZAPI_MESSAGE_LABEL: unset, flags=0x0
2021/11/28 21:19:29 ZEBRA: nh type 3
2021/11/28 21:19:29 ZEBRA: zread_route_add: nh=10.10.14.1, vrf_id=0 (re->vrf_id=0), ifindex=2
2021/11/28 21:19:29 ZEBRA: Not Notifying Owner: 6 about prefix 10.10.12.0/24(254) 2 vrf: 0
